<?xml version="1.0" encoding="UTF-8"?>
<!-- Generated by org.testng.reporters.JUnitXMLReporter -->
<testsuite ignored="0" hostname="DESKTOP-MKTI67F" failures="1" tests="1" name="Test(failed)" time="8.814" errors="0" timestamp="2023-04-29T12:50:31 IST">
  <testcase classname="Testcase.VeryfySignUp" name="signup" time="3.568">
    <failure type="java.lang.AssertionError" message="The following asserts failed:
	expected [] but found [Free CRM Trial: Salesforce 30-Day Trial - Salesforce IN]">
      <![CDATA[java.lang.AssertionError: The following asserts failed:
expected [] but found [Free CRM Trial: Salesforce 30-Day Trial - Salesforce IN]
at Resources.Commonutilities.Handleassertions(Commonutilities.java:23)
at Testcase.VeryfySignUp.signup(VeryfySignUp.java:27)
at java.base/java.util.ArrayList.forEach(ArrayList.java:1511)
... Removed 29 stack frames]]>
    </failure>
  </testcase> <!-- signup -->
</testsuite> <!-- Test(failed) -->
